<?xml version="1.0" encoding="UTF-8"?>
<testsuite xmlns:xsi="http://www.w3.org/2001/XMLSchema-instance" xsi:noNamespaceSchemaLocation="https://maven.apache.org/surefire/maven-surefire-plugin/xsd/surefire-test-report.xsd" name="TestSuite" time="29.892" tests="3" errors="0" skipped="0" failures="2">
  <properties>
[...]
</properties>
  <testcase name="test_searchGoods" classname="com.cn.testcases.Test_HomePage_Search" time="4.343">
    <failure message="expected [sadad] but found [false]" type="java.lang.AssertionError">java.lang.AssertionError: expected [sadad] but found [false]
	at com.cn.testcases.Test_HomePage_Search.test_searchGoods(Test_HomePage_Search.java:34)
</failure>
    <system-out><![CDATA[2017-09-22 11:47:58.950 INFO: Start to select browser name from properties file
2017-09-22 11:47:58.951 INFO: Your had select test browser type is: Chrome
2017-09-22 11:47:58.951 INFO: The test server URL is: http://re.jd.com/
2017-09-22 11:48:01.566 INFO: Launching Chrome ...
2017-09-22 11:48:02.999 INFO: Open URL: http://re.jd.com/
2017-09-22 11:48:04.150 INFO: Maximize browser...
2017-09-22 11:48:04.153 INFO: Wait for 5 seconds.
2017-09-22 11:48:11.039 INFO: Element: Proxy element for: DefaultElementLocator 'By.xpath: //*[@id='ttbar-login']/a[1]' was clicked.
2017-09-22 11:48:11.151 INFO: Element: [[ChromeDriver: chrome on XP (5093a7d67d6d9b6ccd49332c123fd2ac)] -> xpath: //*[@id='content']/div/div[1]/div/div[2]/a] was clicked.
2017-09-22 11:48:11.249 INFO: Clean the value if any in [[ChromeDriver: chrome on XP (5093a7d67d6d9b6ccd49332c123fd2ac)] -> id: loginname].
2017-09-22 11:48:11.351 INFO: Type value is: 13269225141.
2017-09-22 11:48:11.423 INFO: Clean the value if any in [[ChromeDriver: chrome on XP (5093a7d67d6d9b6ccd49332c123fd2ac)] -> id: nloginpwd].
2017-09-22 11:48:11.498 INFO: Type value is: Pa88word!~.
2017-09-22 11:48:11.606 INFO: Element: [[ChromeDriver: chrome on XP (5093a7d67d6d9b6ccd49332c123fd2ac)] -> id: loginsubmit] was clicked.
2017-09-22 11:48:12.845 INFO: Clean the value if any in [[ChromeDriver: chrome on XP (5093a7d67d6d9b6ccd49332c123fd2ac)] -> id: key].
2017-09-22 11:48:12.912 INFO: Type value is: Java.
2017-09-22 11:48:14.920 INFO: Element: [[ChromeDriver: chrome on XP (5093a7d67d6d9b6ccd49332c123fd2ac)] -> xpath: //*[@id='search']/div/div[2]/button] was clicked.
2017-09-22 11:48:15.953 INFO: [2017-09-22_test_searchGoods-1266013632.png] 截图成功-->保存在：[ result/screenshot/2017-09-22_test_searchGoods-1266013632.png ]
2017-09-22 11:48:15.953 INFO: test_searchGoods
]]></system-out>
    <system-err><![CDATA[Starting ChromeDriver 2.29.461591 (62ebf098771772160f391d75e589dc567915b233) on port 24052
Only local connections are allowed.
log4j:WARN No appenders could be found for logger (org.apache.http.client.protocol.RequestAddCookies).
log4j:WARN Please initialize the log4j system properly.
log4j:WARN See http://logging.apache.org/log4j/1.2/faq.html#noconfig for more info.
九月 22, 2017 11:48:01 上午 org.openqa.selenium.remote.ProtocolHandshake createSession
信息: Detected dialect: OSS
]]></system-err>
  </testcase>
  <testcase name="testAddToCart" classname="com.cn.testcases.Test_AddGoodToCart" time="2.557"/>
  <testcase name="testAddToCart" classname="com.cn.testcases.Test_NewTest" time="1.711">
    <failure message="expected [sadad] but found [false]" type="java.lang.AssertionError">java.lang.AssertionError: expected [sadad] but found [false]
	at com.cn.testcases.Test_NewTest.testAddToCart(Test_NewTest.java:29)
</failure>
    <system-out><![CDATA[2017-09-22 11:48:22.100 INFO: Start to select browser name from properties file
2017-09-22 11:48:22.100 INFO: Your had select test browser type is: Chrome
2017-09-22 11:48:22.100 INFO: The test server URL is: http://re.jd.com/
2017-09-22 11:48:23.985 INFO: Launching Chrome ...
2017-09-22 11:48:25.501 INFO: Open URL: http://re.jd.com/
2017-09-22 11:48:26.675 INFO: Maximize browser...
2017-09-22 11:48:26.684 INFO: Wait for 5 seconds.
2017-09-22 11:48:26.815 INFO: Clean the value if any in [[ChromeDriver: chrome on XP (9ea76ba4a61e8edf8ee4f97acd19d3bc)] -> id: key].
2017-09-22 11:48:26.871 INFO: Type value is: Java.
2017-09-22 11:48:27.008 INFO: Element: [[ChromeDriver: chrome on XP (9ea76ba4a61e8edf8ee4f97acd19d3bc)] -> xpath: //*[@id='search']/div/div[2]/button] was clicked.
2017-09-22 11:48:28.396 INFO: [2017-09-22_testAddToCart1580142756.png] 截图成功-->保存在：[ result/screenshot/2017-09-22_testAddToCart1580142756.png ]
2017-09-22 11:48:28.396 INFO: testAddToCart
]]></system-out>
    <system-err><![CDATA[Starting ChromeDriver 2.29.461591 (62ebf098771772160f391d75e589dc567915b233) on port 25454
Only local connections are allowed.
九月 22, 2017 11:48:23 上午 org.openqa.selenium.remote.ProtocolHandshake createSession
信息: Detected dialect: OSS
]]></system-err>
  </testcase>
</testsuite>