<?xml version="1.0" encoding="UTF-8"?>
<!-- Generated by org.testng.reporters.JUnitXMLReporter -->
<testsuite hostname="DESKTOP-PQ5QF6U" ignored="0" name="Test" tests="6" failures="2" timestamp="18 十月 2017 10:07:33 GMT" time="11.312" errors="0">
  <testcase name="test_New" time="3.752" classname="com.cn.testcases.Test_001_Baidu"/>
  <testcase name="test_BaiduSearch" time="0.484" classname="com.cn.testcases.Test_002_Baidu">
    <skipped/>
  </testcase> <!-- test_BaiduSearch -->
  <testcase name="test_BaiduSearch" time="0.378" classname="com.cn.testcases.Test_002_Baidu">
    <failure type="java.lang.AssertionError" message="expected [true] but found [false]">
      <![CDATA[java.lang.AssertionError: expected [true] but found [false]
	at com.cn.testcases.Test_002_Baidu.test_BaiduSearch(Test_002_Baidu.java:32)
... Removed 29 stack frames]]>
    </failure>
  </testcase> <!-- test_BaiduSearch -->
  <testcase name="test_BaiduSearch_01" time="0.358" classname="com.cn.testcases.Test_002_Baidu"/>
  <testcase name="test_BaiduSearch_02" time="0.241" classname="com.cn.testcases.Test_002_Baidu">
    <skipped/>
  </testcase> <!-- test_BaiduSearch_02 -->
  <testcase name="test_BaiduSearch_02" time="0.251" classname="com.cn.testcases.Test_002_Baidu">
    <failure type="java.lang.AssertionError" message="expected [true] but found [false]">
      <![CDATA[java.lang.AssertionError: expected [true] but found [false]
	at com.cn.testcases.Test_002_Baidu.test_BaiduSearch_02(Test_002_Baidu.java:53)
... Removed 29 stack frames]]>
    </failure>
  </testcase> <!-- test_BaiduSearch_02 -->
</testsuite> <!-- Test -->
